#
# A fatal error has been detected by the Java Runtime Environment:
#
#  SIGBUS (0xa) at pc=0x0000000104bdd0b7, pid=39095, tid=4867
#
# JRE version: Java(TM) SE Runtime Environment (7.0_67-b01) (build 1.7.0_67-b01)
# Java VM: Java HotSpot(TM) 64-Bit Server VM (24.65-b04 mixed mode bsd-amd64 compressed oops)
# Problematic frame:
# C  [libzip.dylib+0x30b7]  newEntry+0x154
#
# Failed to write core dump. Core dumps have been disabled. To enable core dumping, try "ulimit -c unlimited" before starting Java again
#
# If you would like to submit a bug report, please visit:
#   http://bugreport.sun.com/bugreport/crash.jsp
# The crash happened outside the Java Virtual Machine in native code.
# See problematic frame for where to report the bug.
#

---------------  T H R E A D  ---------------

Current thread (0x00007fa22a800000):  JavaThread "main" [_thread_in_native, id=4867, stack(0x0000000104a91000,0x0000000104b91000)]

siginfo:si_signo=SIGBUS: si_errno=0, si_code=2 (BUS_ADRERR), si_addr=0x000000011832a4ef

Registers:
RAX=0x00007fa22b2c7260, RBX=0x000000011832a4e3, RCX=0x00000000ffffff01, RDX=0x0000000000000008
RSP=0x0000000104b8edf0, RBP=0x0000000104b8ee50, RSI=0x0000000000000048, RDI=0x0000000103f3b800
R8 =0x00000007bb14d401, R9 =0x00000000000136d3, R10=0x0000000105e1b104, R11=0x00000000000035b0
R12=0x0000000000000000, R13=0x0000000104b8ef70, R14=0x00007fa22b2c7260, R15=0x00007fa22a800000
RIP=0x0000000104bdd0b7, EFLAGS=0x0000000000010202, ERR=0x0000000000000004
  TRAPNO=0x000000000000000e

Top of Stack: (sp=0x0000000104b8edf0)
0x0000000104b8edf0:   00007fa22a800000 000000012a800000
0x0000000104b8ee00:   0000000104b8eeb0 0000000104b8ee50
0x0000000104b8ee10:   0000000104b8ee30 00007fa22b2c7260
0x0000000104b8ee20:   00007fa22b3075b0 00000000000035af
0x0000000104b8ee30:   0000000000000000 0000000104b8ef70
0x0000000104b8ee40:   00007fa22b2c7260 00007fa22a800000
0x0000000104b8ee50:   0000000104b8ee70 0000000104bdd66b
0x0000000104b8ee60:   0000000104b8ef10 0000000104b8eec0
0x0000000104b8ee70:   0000000104b8ee80 0000000104bdc481
0x0000000104b8ee80:   0000000104b8eed0 0000000105e1b176
0x0000000104b8ee90:   00000006fb24a388 00000007bb55faa0
0x0000000104b8eea0:   0000000104b8eed0 00000007b87dc0e0
0x0000000104b8eeb0:   00000007027196e0 00000007b87e1e30
0x0000000104b8eec0:   00000007000006e8 0000000106037db4
0x0000000104b8eed0:   00000007bb14d4f0 0000000105e4c640
0x0000000104b8eee0:   00000007bb14d4b0 00000007bb14d4b0
0x0000000104b8eef0:   00000007bb55f9f8 00000007bb14d4b0
0x0000000104b8ef00:   00000007f7629a96 00000007b87dcc10
0x0000000104b8ef10:   0000000000000009 00000007b87dd628
0x0000000104b8ef20:   00000007bb14d4f0 000000010604b110
0x0000000104b8ef30:   0000000104b8efb8 0000000105c06058
0x0000000104b8ef40:   0000000000000009 00000007b87dcc10
0x0000000104b8ef50:   0000000104b8efb8 0000000105c068e1
0x0000000104b8ef60:   00000007bb14d358 0000000105c068e1
0x0000000104b8ef70:   00000007bb14d4f0 0000000104b8ef78
0x0000000104b8ef80:   00000006fc180aba 0000000104b8f060
0x0000000104b8ef90:   00000006fc18d8b0 00000006fc1dd4f0
0x0000000104b8efa0:   00000006fc180e48 0000000104b8ef70
0x0000000104b8efb0:   0000000104b8f058 0000000104b8f0a8
0x0000000104b8efc0:   0000000105c06706 00000007b87dd2b0
0x0000000104b8efd0:   0000000000000014 00000007b87dc0e0
0x0000000104b8efe0:   00000007b87dcc10 00000007b87dc0e0 

Instructions: (pc=0x0000000104bdd0b7)
0x0000000104bdd097:   49 8b 7f 38 e8 9c 1a 00 00 4d 89 77 38 49 89 5f
0x0000000104bdd0a7:   40 4c 89 f0 48 85 c0 0f 84 16 05 00 00 48 89 c3
0x0000000104bdd0b7:   0f b6 43 0c 0f b6 4b 0d 48 c1 e1 08 48 01 c1 0f
0x0000000104bdd0c7:   b6 43 0e 0f b6 53 0f 48 c1 e2 08 48 01 c2 48 c1 

Register to memory mapping:

RAX=0x00007fa22b2c7260 is an unknown value
RBX=0x000000011832a4e3 is an unknown value
RCX=0x00000000ffffff01 is an unknown value
RDX=0x0000000000000008 is an unknown value
RSP=0x0000000104b8edf0 is pointing into the stack for thread: 0x00007fa22a800000
RBP=0x0000000104b8ee50 is pointing into the stack for thread: 0x00007fa22a800000
RSI=0x0000000000000048 is an unknown value
RDI=0x0000000103f3b800 is an unknown value
R8 =0x00000007bb14d401 is an unknown value
R9 =0x00000000000136d3 is an unknown value
R10=0x0000000105e1b104 is at entry_point+68 in (nmethod*)0x0000000105e1af50
R11=0x00000000000035b0 is an unknown value
R12=0x0000000000000000 is an unknown value
R13=0x0000000104b8ef70 is pointing into the stack for thread: 0x00007fa22a800000
R14=0x00007fa22b2c7260 is an unknown value
R15=0x00007fa22a800000 is a thread


Stack: [0x0000000104a91000,0x0000000104b91000],  sp=0x0000000104b8edf0,  free space=1015k
Native frames: (J=compiled Java code, j=interpreted, Vv=VM code, C=native code)
C  [libzip.dylib+0x30b7]  newEntry+0x154
C  [libzip.dylib+0x366b]  ZIP_GetNextEntry+0x37
C  [libzip.dylib+0x2481]  Java_java_util_zip_ZipFile_getNextEntry+0xe
J 697  java.util.zip.ZipFile.getNextEntry(JI)J (0 bytes) @ 0x0000000105e1b176 [0x0000000105e1b0c0+0xb6]

Java frames: (J=compiled Java code, j=interpreted, Vv=VM code)
J 697  java.util.zip.ZipFile.getNextEntry(JI)J (0 bytes) @ 0x0000000105e1b104 [0x0000000105e1b0c0+0x44]
J 695 C2 java.util.zip.ZipFile$1.nextElement()Ljava/util/zip/ZipEntry; (212 bytes) @ 0x0000000105e4c640 [0x0000000105e4c560+0xe0]
J 1314 C2 java.util.jar.JarFile$1.nextElement()Ljava/lang/Object; (5 bytes) @ 0x000000010604b110 [0x000000010604b0c0+0x50]
j  org.apache.maven.plugins.shade.DefaultShader.shade(Lorg/apache/maven/plugins/shade/ShadeRequest;)V+250
j  org.apache.maven.plugins.shade.mojo.ShadeMojo.execute()V+277
j  org.apache.maven.plugin.DefaultBuildPluginManager.executeMojo(Lorg/apache/maven/execution/MavenSession;Lorg/apache/maven/plugin/MojoExecution;)V+101
j  org.apache.maven.lifecycle.internal.MojoExecutor.execute(Lorg/apache/maven/execution/MavenSession;Lorg/apache/maven/plugin/MojoExecution;Lorg/apache/maven/lifecycle/internal/ProjectIndex;Lorg/apache/maven/lifecycle/internal/DependencyContext;)V+215
j  org.apache.maven.lifecycle.internal.MojoExecutor.execute(Lorg/apache/maven/execution/MavenSession;Lorg/apache/maven/plugin/MojoExecution;Lorg/apache/maven/lifecycle/internal/ProjectIndex;Lorg/apache/maven/lifecycle/internal/DependencyContext;Lorg/apache/maven/lifecycle/internal/PhaseRecorder;)V+6
j  org.apache.maven.lifecycle.internal.MojoExecutor.execute(Lorg/apache/maven/execution/MavenSession;Ljava/util/List;Lorg/apache/maven/lifecycle/internal/ProjectIndex;)V+60
j  org.apache.maven.lifecycle.internal.LifecycleModuleBuilder.buildProject(Lorg/apache/maven/execution/MavenSession;Lorg/apache/maven/execution/MavenSession;Lorg/apache/maven/lifecycle/internal/ReactorContext;Lorg/apache/maven/project/MavenProject;Lorg/apache/maven/lifecycle/internal/TaskSegment;)V+107
j  org.apache.maven.lifecycle.internal.LifecycleModuleBuilder.buildProject(Lorg/apache/maven/execution/MavenSession;Lorg/apache/maven/lifecycle/internal/ReactorContext;Lorg/apache/maven/project/MavenProject;Lorg/apache/maven/lifecycle/internal/TaskSegment;)V+7
j  org.apache.maven.lifecycle.internal.LifecycleStarter.singleThreadedBuild(Lorg/apache/maven/execution/MavenSession;Lorg/apache/maven/lifecycle/internal/ReactorContext;Lorg/apache/maven/lifecycle/internal/ProjectBuildList;Ljava/util/List;Lorg/apache/maven/lifecycle/internal/ReactorBuildStatus;)V+77
j  org.apache.maven.lifecycle.internal.LifecycleStarter.execute(Lorg/apache/maven/execution/MavenSession;)V+421
j  org.apache.maven.DefaultMaven.doExecute(Lorg/apache/maven/execution/MavenExecutionRequest;)Lorg/apache/maven/execution/MavenExecutionResult;+585
j  org.apache.maven.DefaultMaven.execute(Lorg/apache/maven/execution/MavenExecutionRequest;)Lorg/apache/maven/execution/MavenExecutionResult;+11
j  org.apache.maven.cli.MavenCli.execute(Lorg/apache/maven/cli/MavenCli$CliRequest;)I+19
j  org.apache.maven.cli.MavenCli.doMain(Lorg/apache/maven/cli/MavenCli$CliRequest;)I+53
j  org.apache.maven.cli.MavenCli.main([Ljava/lang/String;Lorg/codehaus/plexus/classworlds/ClassWorld;)I+18
v  ~StubRoutines::call_stub
j  sun.reflect.NativeMethodAccessorImpl.invoke0(Ljava/lang/reflect/Method;Ljava/lang/Object;[Ljava/lang/Object;)Ljava/lang/Object;+0
j  sun.reflect.NativeMethodAccessorImpl.invoke(Ljava/lang/Object;[Ljava/lang/Object;)Ljava/lang/Object;+87
j  sun.reflect.DelegatingMethodAccessorImpl.invoke(Ljava/lang/Object;[Ljava/lang/Object;)Ljava/lang/Object;+6
j  java.lang.reflect.Method.invoke(Ljava/lang/Object;[Ljava/lang/Object;)Ljava/lang/Object;+57
j  org.codehaus.plexus.classworlds.launcher.Launcher.launchEnhanced([Ljava/lang/String;)V+45
j  org.codehaus.plexus.classworlds.launcher.Launcher.launch([Ljava/lang/String;)V+2
j  org.codehaus.plexus.classworlds.launcher.Launcher.mainWithExitCode([Ljava/lang/String;)I+97
j  org.codehaus.plexus.classworlds.launcher.Launcher.main([Ljava/lang/String;)V+1
j  org.codehaus.classworlds.Launcher.main([Ljava/lang/String;)V+1
v  ~StubRoutines::call_stub
j  sun.reflect.NativeMethodAccessorImpl.invoke0(Ljava/lang/reflect/Method;Ljava/lang/Object;[Ljava/lang/Object;)Ljava/lang/Object;+0
j  sun.reflect.NativeMethodAccessorImpl.invoke(Ljava/lang/Object;[Ljava/lang/Object;)Ljava/lang/Object;+87
j  sun.reflect.DelegatingMethodAccessorImpl.invoke(Ljava/lang/Object;[Ljava/lang/Object;)Ljava/lang/Object;+6
j  java.lang.reflect.Method.invoke(Ljava/lang/Object;[Ljava/lang/Object;)Ljava/lang/Object;+57
j  com.intellij.rt.execution.application.AppMain.main([Ljava/lang/String;)V+180
v  ~StubRoutines::call_stub

---------------  P R O C E S S  ---------------

Java Threads: ( => current thread )
  0x00007fa22c9e7000 JavaThread "resolver-4" daemon [_thread_blocked, id=23299, stack(0x0000000117cea000,0x0000000117dea000)]
  0x00007fa229882800 JavaThread "resolver-3" daemon [_thread_blocked, id=22787, stack(0x0000000117be7000,0x0000000117ce7000)]
  0x00007fa22c080800 JavaThread "resolver-2" daemon [_thread_blocked, id=22275, stack(0x0000000117a0c000,0x0000000117b0c000)]
  0x00007fa229436800 JavaThread "resolver-1" daemon [_thread_blocked, id=21763, stack(0x000000011755a000,0x000000011765a000)]
  0x00007fa22c86e800 JavaThread "process reaper" daemon [_thread_blocked, id=21251, stack(0x000000011723e000,0x0000000117266000)]
  0x00007fa229804800 JavaThread "Monitor Ctrl-Break" daemon [_thread_in_native, id=20739, stack(0x0000000116e28000,0x0000000116f28000)]
  0x00007fa22c04e000 JavaThread "Service Thread" daemon [_thread_blocked, id=19715, stack(0x0000000116be9000,0x0000000116ce9000)]
  0x00007fa22c04d000 JavaThread "C2 CompilerThread1" daemon [_thread_blocked, id=19203, stack(0x0000000116ae6000,0x0000000116be6000)]
  0x00007fa22c04b800 JavaThread "C2 CompilerThread0" daemon [_thread_in_native, id=18691, stack(0x00000001169e3000,0x0000000116ae3000)]
  0x00007fa22c04a800 JavaThread "Signal Dispatcher" daemon [_thread_blocked, id=15383, stack(0x00000001168e0000,0x00000001169e0000)]
  0x00007fa22900d800 JavaThread "Finalizer" daemon [_thread_blocked, id=13571, stack(0x0000000114eca000,0x0000000114fca000)]
  0x00007fa22900d000 JavaThread "Reference Handler" daemon [_thread_blocked, id=13059, stack(0x0000000114dc7000,0x0000000114ec7000)]
=>0x00007fa22a800000 JavaThread "main" [_thread_in_native, id=4867, stack(0x0000000104a91000,0x0000000104b91000)]

Other Threads:
  0x00007fa22c802800 VMThread [stack: 0x0000000114cc4000,0x0000000114dc4000] [id=12547]
  0x00007fa22c01e000 WatcherThread [stack: 0x0000000116cec000,0x0000000116dec000] [id=20227]

VM state:not at safepoint (normal execution)

VM Mutex/Monitor currently owned by a thread: None

Heap
 PSYoungGen      total 295936K, used 272264K [0x00000007aaa80000, 0x00000007d0b80000, 0x0000000800000000)
  eden space 253440K, 90% used [0x00000007aaa80000,0x00000007b8ae7cc0,0x00000007ba200000)
  from space 42496K, 99% used [0x00000007ba200000,0x00000007bcb7a340,0x00000007bcb80000)
  to   space 58368K, 0% used [0x00000007cd280000,0x00000007cd280000,0x00000007d0b80000)
 ParOldGen       total 174592K, used 51497K [0x0000000700000000, 0x000000070aa80000, 0x00000007aaa80000)
  object space 174592K, 29% used [0x0000000700000000,0x000000070324a6c0,0x000000070aa80000)
 PSPermGen       total 21504K, used 20358K [0x00000006fae00000, 0x00000006fc300000, 0x0000000700000000)
  object space 21504K, 94% used [0x00000006fae00000,0x00000006fc1e1908,0x00000006fc300000)

Card table byte_map: [0x0000000108cc0000,0x00000001094ea000] byte_map_base: 0x00000001054e9000

Polling page: 0x0000000104bd0000

Code Cache  [0x0000000105c00000, 0x0000000106060000, 0x0000000108c00000)
 total_blobs=1542 nmethods=1233 adapters=262 free_code_cache=44739Kb largest_free_block=45759744

Compilation events (10 events):
Event: 10.317 Thread 0x00007fa22c04d000 1335             com.google.common.collect.HashMultimap::createCollection (5 bytes)
Event: 10.319 Thread 0x00007fa22c04d000 nmethod 1335 0x000000010605b290 code [0x000000010605b400, 0x000000010605b668]
Event: 10.319 Thread 0x00007fa22c04d000 1336             com.google.common.collect.HashMultimap::createCollection (8 bytes)
Event: 10.322 Thread 0x00007fa22c04d000 nmethod 1336 0x000000010605b850 code [0x000000010605b9c0, 0x000000010605bc28]
Event: 10.322 Thread 0x00007fa22c04d000 1337             com.google.common.collect.Sets::newHashSetWithExpectedSize (12 bytes)
Event: 10.324 Thread 0x00007fa22c04d000 nmethod 1337 0x000000010605bdd0 code [0x000000010605bf40, 0x000000010605c168]
Event: 10.401 Thread 0x00007fa22c04d000 1339             java.util.zip.ZipEntry::isDirectory (10 bytes)
Event: 10.403 Thread 0x00007fa22c04d000 nmethod 1339 0x0000000106059790 code [0x00000001060598e0, 0x00000001060599b8]
Event: 10.683 Thread 0x00007fa22c04d000 1340             java.util.HashMap::init (1 bytes)
Event: 10.683 Thread 0x00007fa22c04d000 nmethod 1340 0x0000000106054390 code [0x00000001060544c0, 0x0000000106054518]

GC Heap History (10 events):
Event: 2.415 GC heap before
{Heap before GC invocations=3 (full 0):
 PSYoungGen      total 73728K, used 73562K [0x00000007aaa80000, 0x00000007b3d80000, 0x0000000800000000)
  eden space 66048K, 100% used [0x00000007aaa80000,0x00000007aeb00000,0x00000007aeb00000)
  from space 7680K, 97% used [0x00000007b3600000,0x00000007b3d568a0,0x00000007b3d80000)
  to   space 10752K, 0% used [0x00000007b2880000,0x00000007b2880000,0x00000007b3300000)
 ParOldGen       total 174592K, used 16K [0x0000000700000000, 0x000000070aa80000, 0x00000007aaa80000)
  object space 174592K, 0% used [0x0000000700000000,0x0000000700004000,0x000000070aa80000)
 PSPermGen       total 21504K, used 12719K [0x00000006fae00000, 0x00000006fc300000, 0x0000000700000000)
  object space 21504K, 59% used [0x00000006fae00000,0x00000006fba6be40,0x00000006fc300000)
Event: 2.424 GC heap after
Heap after GC invocations=3 (full 0):
 PSYoungGen      total 139776K, used 9424K [0x00000007aaa80000, 0x00000007b4080000, 0x0000000800000000)
  eden space 129024K, 0% used [0x00000007aaa80000,0x00000007aaa80000,0x00000007b2880000)
  from space 10752K, 87% used [0x00000007b2880000,0x00000007b31b4010,0x00000007b3300000)
  to   space 10752K, 0% used [0x00000007b3600000,0x00000007b3600000,0x00000007b4080000)
 ParOldGen       total 174592K, used 24K [0x0000000700000000, 0x000000070aa80000, 0x00000007aaa80000)
  object space 174592K, 0% used [0x0000000700000000,0x0000000700006000,0x000000070aa80000)
 PSPermGen       total 21504K, used 12719K [0x00000006fae00000, 0x00000006fc300000, 0x0000000700000000)
  object space 21504K, 59% used [0x00000006fae00000,0x00000006fba6be40,0x00000006fc300000)
}
Event: 3.662 GC heap before
{Heap before GC invocations=4 (full 0):
 PSYoungGen      total 139776K, used 138448K [0x00000007aaa80000, 0x00000007b4080000, 0x0000000800000000)
  eden space 129024K, 100% used [0x00000007aaa80000,0x00000007b2880000,0x00000007b2880000)
  from space 10752K, 87% used [0x00000007b2880000,0x00000007b31b4010,0x00000007b3300000)
  to   space 10752K, 0% used [0x00000007b3600000,0x00000007b3600000,0x00000007b4080000)
 ParOldGen       total 174592K, used 24K [0x0000000700000000, 0x000000070aa80000, 0x00000007aaa80000)
  object space 174592K, 0% used [0x0000000700000000,0x0000000700006000,0x000000070aa80000)
 PSPermGen       total 21504K, used 16541K [0x00000006fae00000, 0x00000006fc300000, 0x0000000700000000)
  object space 21504K, 76% used [0x00000006fae00000,0x00000006fbe27638,0x00000006fc300000)
Event: 3.678 GC heap after
Heap after GC invocations=4 (full 0):
 PSYoungGen      total 142848K, used 10732K [0x00000007aaa80000, 0x00000007bbb80000, 0x0000000800000000)
  eden space 132096K, 0% used [0x00000007aaa80000,0x00000007aaa80000,0x00000007b2b80000)
  from space 10752K, 99% used [0x00000007b3600000,0x00000007b407b0e0,0x00000007b4080000)
  to   space 10752K, 0% used [0x00000007b2b80000,0x00000007b2b80000,0x00000007b3600000)
 ParOldGen       total 174592K, used 5490K [0x0000000700000000, 0x000000070aa80000, 0x00000007aaa80000)
  object space 174592K, 3% used [0x0000000700000000,0x000000070055cbd0,0x000000070aa80000)
 PSPermGen       total 21504K, used 16541K [0x00000006fae00000, 0x00000006fc300000, 0x0000000700000000)
  object space 21504K, 76% used [0x00000006fae00000,0x00000006fbe27638,0x00000006fc300000)
}
Event: 4.380 GC heap before
{Heap before GC invocations=5 (full 0):
 PSYoungGen      total 142848K, used 142828K [0x00000007aaa80000, 0x00000007bbb80000, 0x0000000800000000)
  eden space 132096K, 100% used [0x00000007aaa80000,0x00000007b2b80000,0x00000007b2b80000)
  from space 10752K, 99% used [0x00000007b3600000,0x00000007b407b0e0,0x00000007b4080000)
  to   space 10752K, 0% used [0x00000007b2b80000,0x00000007b2b80000,0x00000007b3600000)
 ParOldGen       total 174592K, used 5490K [0x0000000700000000, 0x000000070aa80000, 0x00000007aaa80000)
  object space 174592K, 3% used [0x0000000700000000,0x000000070055cbd0,0x000000070aa80000)
 PSPermGen       total 21504K, used 16888K [0x00000006fae00000, 0x00000006fc300000, 0x0000000700000000)
  object space 21504K, 78% used [0x00000006fae00000,0x00000006fbe7e3a0,0x00000006fc300000)
Event: 4.407 GC heap after
Heap after GC invocations=5 (full 0):
 PSYoungGen      total 142848K, used 10728K [0x00000007aaa80000, 0x00000007bea80000, 0x0000000800000000)
  eden space 132096K, 0% used [0x00000007aaa80000,0x00000007aaa80000,0x00000007b2b80000)
  from space 10752K, 99% used [0x00000007b2b80000,0x00000007b35fa168,0x00000007b3600000)
  to   space 31744K, 0% used [0x00000007bcb80000,0x00000007bcb80000,0x00000007bea80000)
 ParOldGen       total 174592K, used 29772K [0x0000000700000000, 0x000000070aa80000, 0x00000007aaa80000)
  object space 174592K, 17% used [0x0000000700000000,0x0000000701d131c8,0x000000070aa80000)
 PSPermGen       total 21504K, used 16888K [0x00000006fae00000, 0x00000006fc300000, 0x0000000700000000)
  object space 21504K, 78% used [0x00000006fae00000,0x00000006fbe7e3a0,0x00000006fc300000)
}
Event: 5.577 GC heap before
{Heap before GC invocations=6 (full 0):
 PSYoungGen      total 142848K, used 142824K [0x00000007aaa80000, 0x00000007bea80000, 0x0000000800000000)
  eden space 132096K, 100% used [0x00000007aaa80000,0x00000007b2b80000,0x00000007b2b80000)
  from space 10752K, 99% used [0x00000007b2b80000,0x00000007b35fa168,0x00000007b3600000)
  to   space 31744K, 0% used [0x00000007bcb80000,0x00000007bcb80000,0x00000007bea80000)
 ParOldGen       total 174592K, used 29772K [0x0000000700000000, 0x000000070aa80000, 0x00000007aaa80000)
  object space 174592K, 17% used [0x0000000700000000,0x0000000701d131c8,0x000000070aa80000)
 PSPermGen       total 21504K, used 17473K [0x00000006fae00000, 0x00000006fc300000, 0x0000000700000000)
  object space 21504K, 81% used [0x00000006fae00000,0x00000006fbf105c0,0x00000006fc300000)
Event: 5.607 GC heap after
Heap after GC invocations=6 (full 0):
 PSYoungGen      total 285184K, used 31723K [0x00000007aaa80000, 0x00000007bff80000, 0x0000000800000000)
  eden space 253440K, 0% used [0x00000007aaa80000,0x00000007aaa80000,0x00000007ba200000)
  from space 31744K, 99% used [0x00000007bcb80000,0x00000007bea7ac28,0x00000007bea80000)
  to   space 42496K, 0% used [0x00000007ba200000,0x00000007ba200000,0x00000007bcb80000)
 ParOldGen       total 174592K, used 36809K [0x0000000700000000, 0x000000070aa80000, 0x00000007aaa80000)
  object space 174592K, 21% used [0x0000000700000000,0x00000007023f2540,0x000000070aa80000)
 PSPermGen       total 21504K, used 17473K [0x00000006fae00000, 0x00000006fc300000, 0x0000000700000000)
  object space 21504K, 81% used [0x00000006fae00000,0x00000006fbf105c0,0x00000006fc300000)
}
Event: 8.801 GC heap before
{Heap before GC invocations=7 (full 0):
 PSYoungGen      total 285184K, used 285163K [0x00000007aaa80000, 0x00000007bff80000, 0x0000000800000000)
  eden space 253440K, 100% used [0x00000007aaa80000,0x00000007ba200000,0x00000007ba200000)
  from space 31744K, 99% used [0x00000007bcb80000,0x00000007bea7ac28,0x00000007bea80000)
  to   space 42496K, 0% used [0x00000007ba200000,0x00000007ba200000,0x00000007bcb80000)
 ParOldGen       total 174592K, used 36809K [0x0000000700000000, 0x000000070aa80000, 0x00000007aaa80000)
  object space 174592K, 21% used [0x0000000700000000,0x00000007023f2540,0x000000070aa80000)
 PSPermGen       total 21504K, used 20356K [0x00000006fae00000, 0x00000006fc300000, 0x0000000700000000)
  object space 21504K, 94% used [0x00000006fae00000,0x00000006fc1e1060,0x00000006fc300000)
Event: 8.845 GC heap after
Heap after GC invocations=7 (full 0):
 PSYoungGen      total 295936K, used 42472K [0x00000007aaa80000, 0x00000007d0b80000, 0x0000000800000000)
  eden space 253440K, 0% used [0x00000007aaa80000,0x00000007aaa80000,0x00000007ba200000)
  from space 42496K, 99% used [0x00000007ba200000,0x00000007bcb7a340,0x00000007bcb80000)
  to   space 58368K, 0% used [0x00000007cd280000,0x00000007cd280000,0x00000007d0b80000)
 ParOldGen       total 174592K, used 51497K [0x0000000700000000, 0x000000070aa80000, 0x00000007aaa80000)
  object space 174592K, 29% used [0x0000000700000000,0x000000070324a6c0,0x000000070aa80000)
 PSPermGen       total 21504K, used 20356K [0x00000006fae00000, 0x00000006fc300000, 0x0000000700000000)
  object space 21504K, 94% used [0x00000006fae00000,0x00000006fc1e1060,0x00000006fc300000)
}

Deoptimization events (10 events):
Event: 7.434 Thread 0x00007fa22a800000 Uncommon trap: reason=unreached action=reinterpret pc=0x0000000105e4f8a4 method=java.util.zip.ZipCoder.decoder()Ljava/nio/charset/CharsetDecoder; @ 4
Event: 7.435 Thread 0x00007fa22a800000 Uncommon trap: reason=bimorphic action=maybe_recompile pc=0x0000000105d81ec4 method=java.util.regex.Pattern$Branch.match(Ljava/util/regex/Matcher;ILjava/lang/CharSequence;)Z @ 32
Event: 7.435 Thread 0x00007fa22a800000 Uncommon trap: reason=class_check action=maybe_recompile pc=0x0000000105fdac10 method=java.util.zip.DeflaterOutputStream.deflate()V @ 32
Event: 7.436 Thread 0x00007fa22a800000 Uncommon trap: reason=bimorphic action=maybe_recompile pc=0x0000000105d81ec4 method=java.util.regex.Pattern$Branch.match(Ljava/util/regex/Matcher;ILjava/lang/CharSequence;)Z @ 32
Event: 7.436 Thread 0x00007fa22a800000 Uncommon trap: reason=class_check action=maybe_recompile pc=0x0000000105fdac10 method=java.util.zip.DeflaterOutputStream.deflate()V @ 32
Event: 7.436 Thread 0x00007fa22a800000 Uncommon trap: reason=class_check action=maybe_recompile pc=0x0000000105fdac10 method=java.util.zip.DeflaterOutputStream.deflate()V @ 32
Event: 7.436 Thread 0x00007fa22a800000 Uncommon trap: reason=class_check action=maybe_recompile pc=0x0000000105fdac10 method=java.util.zip.DeflaterOutputStream.deflate()V @ 32
Event: 7.440 Thread 0x00007fa22a800000 Uncommon trap: reason=bimorphic action=maybe_recompile pc=0x0000000105d81ec4 method=java.util.regex.Pattern$Branch.match(Ljava/util/regex/Matcher;ILjava/lang/CharSequence;)Z @ 32
Event: 7.496 Thread 0x00007fa22a800000 Uncommon trap: reason=unreached action=reinterpret pc=0x0000000105e4e4f8 method=java.util.zip.ZipCoder.decoder()Ljava/nio/charset/CharsetDecoder; @ 4
Event: 7.551 Thread 0x00007fa22a800000 Uncommon trap: reason=class_check action=maybe_recompile pc=0x0000000105e77e8c method=java.util.zip.DeflaterOutputStream.deflate()V @ 32

Internal exceptions (10 events):
Event: 7.436 Thread 0x00007fa22a800000 Threw 0x00000007b3e60df0 at /HUDSON/workspace/7u-2-build-macosx-x86_64/jdk7u67/1368/hotspot/src/share/vm/prims/jvm.cpp:1244
Event: 7.437 Thread 0x00007fa22a800000 Threw 0x00000007b3e72588 at /HUDSON/workspace/7u-2-build-macosx-x86_64/jdk7u67/1368/hotspot/src/share/vm/prims/jvm.cpp:1244
Event: 7.438 Thread 0x00007fa22a800000 Threw 0x00000007b3e76fa8 at /HUDSON/workspace/7u-2-build-macosx-x86_64/jdk7u67/1368/hotspot/src/share/vm/prims/jvm.cpp:1244
Event: 7.438 Thread 0x00007fa22a800000 Threw 0x00000007b3e7bb28 at /HUDSON/workspace/7u-2-build-macosx-x86_64/jdk7u67/1368/hotspot/src/share/vm/prims/jvm.cpp:1244
Event: 7.438 Thread 0x00007fa22a800000 Threw 0x00000007b3e809c8 at /HUDSON/workspace/7u-2-build-macosx-x86_64/jdk7u67/1368/hotspot/src/share/vm/prims/jvm.cpp:1244
Event: 7.439 Thread 0x00007fa22a800000 Threw 0x00000007b3e8b5d0 at /HUDSON/workspace/7u-2-build-macosx-x86_64/jdk7u67/1368/hotspot/src/share/vm/prims/jvm.cpp:1244
Event: 7.440 Thread 0x00007fa22a800000 Threw 0x00000007b3e93050 at /HUDSON/workspace/7u-2-build-macosx-x86_64/jdk7u67/1368/hotspot/src/share/vm/prims/jvm.cpp:1244
Event: 7.440 Thread 0x00007fa22a800000 Threw 0x00000007b3e995a0 at /HUDSON/workspace/7u-2-build-macosx-x86_64/jdk7u67/1368/hotspot/src/share/vm/prims/jvm.cpp:1244
Event: 7.496 Thread 0x00007fa22a800000 Implicit null exception at 0x0000000105e4df17 to 0x0000000105e4e4e5
Event: 10.856 Thread 0x00007fa22a800000 Threw 0x00000007b87e1988 at /HUDSON/workspace/7u-2-build-macosx-x86_64/jdk7u67/1368/hotspot/src/share/vm/prims/jni.cpp:717

Events (10 events):
Event: 8.873 Executing VM operation: RevokeBias done
Event: 8.873 Executing VM operation: BulkRevokeBias
Event: 8.874 Executing VM operation: BulkRevokeBias done
Event: 8.874 Executing VM operation: RevokeBias
Event: 8.874 Executing VM operation: RevokeBias done
Event: 8.874 Executing VM operation: BulkRevokeBias
Event: 8.874 Executing VM operation: BulkRevokeBias done
Event: 10.089 Thread 0x00007fa22c04d000 flushing nmethod 0x0000000105d17850
Event: 10.089 Thread 0x00007fa22c04d000 flushing nmethod 0x0000000105d2e890
Event: 10.197 Thread 0x00007fa22c04d000 flushing nmethod 0x0000000105ebe0d0


Dynamic libraries:
0x0000000009340000 	/System/Library/Frameworks/Cocoa.framework/Versions/A/Cocoa
0x0000000009340000 	/System/Library/Frameworks/Security.framework/Versions/A/Security
0x0000000009340000 	/System/Library/Frameworks/ApplicationServices.framework/Versions/A/ApplicationServices
0x0000000009340000 	/usr/lib/libz.1.dylib
0x0000000009340000 	/usr/lib/libSystem.B.dylib
0x0000000009340000 	/usr/lib/libobjc.A.dylib
0x0000000009340000 	/System/Library/Frameworks/CoreFoundation.framework/Versions/A/CoreFoundation
0x0000000009340000 	/System/Library/Frameworks/Foundation.framework/Versions/C/Foundation
0x0000000009340000 	/System/Library/Frameworks/AppKit.framework/Versions/C/AppKit
0x0000000009340000 	/System/Library/Frameworks/CoreData.framework/Versions/A/CoreData
0x0000000009340000 	/System/Library/PrivateFrameworks/RemoteViewServices.framework/Versions/A/RemoteViewServices
0x0000000009340000 	/System/Library/PrivateFrameworks/UIFoundation.framework/Versions/A/UIFoundation
0x0000000009340000 	/System/Library/Frameworks/IOSurface.framework/Versions/A/IOSurface
0x0000000009340000 	/System/Library/Frameworks/AudioToolbox.framework/Versions/A/AudioToolbox
0x0000000009340000 	/System/Library/Frameworks/AudioUnit.framework/Versions/A/AudioUnit
0x0000000009340000 	/System/Library/PrivateFrameworks/DataDetectorsCore.framework/Versions/A/DataDetectorsCore
0x0000000009340000 	/System/Library/PrivateFrameworks/DesktopServicesPriv.framework/Versions/A/DesktopServicesPriv
0x0000000009340000 	/System/Library/Frameworks/Carbon.framework/Versions/A/Frameworks/HIToolbox.framework/Versions/A/HIToolbox
0x0000000009340000 	/System/Library/Frameworks/QuartzCore.framework/Versions/A/QuartzCore
0x0000000009340000 	/System/Library/Frameworks/Carbon.framework/Versions/A/Frameworks/SpeechRecognition.framework/Versions/A/SpeechRecognition
0x0000000009340000 	/usr/lib/libauto.dylib
0x0000000009340000 	/usr/lib/libicucore.A.dylib
0x0000000009340000 	/usr/lib/libxml2.2.dylib
0x0000000009340000 	/System/Library/PrivateFrameworks/CoreUI.framework/Versions/A/CoreUI
0x0000000009340000 	/System/Library/Frameworks/CoreAudio.framework/Versions/A/CoreAudio
0x0000000009340000 	/System/Library/Frameworks/DiskArbitration.framework/Versions/A/DiskArbitration
0x0000000009340000 	/usr/lib/liblangid.dylib
0x0000000009340000 	/System/Library/PrivateFrameworks/MultitouchSupport.framework/Versions/A/MultitouchSupport
0x0000000009340000 	/System/Library/Frameworks/IOKit.framework/Versions/A/IOKit
0x0000000009340000 	/usr/lib/libDiagnosticMessagesClient.dylib
0x0000000009340000 	/System/Library/Frameworks/CoreServices.framework/Versions/A/CoreServices
0x0000000009340000 	/System/Library/PrivateFrameworks/PerformanceAnalysis.framework/Versions/A/PerformanceAnalysis
0x0000000009340000 	/System/Library/PrivateFrameworks/GenerationalStorage.framework/Versions/A/GenerationalStorage
0x0000000009340000 	/System/Library/Frameworks/OpenGL.framework/Versions/A/OpenGL
0x0000000009340000 	/System/Library/PrivateFrameworks/Sharing.framework/Versions/A/Sharing
0x0000000009340000 	/System/Library/Frameworks/CoreGraphics.framework/Versions/A/CoreGraphics
0x0000000009340000 	/System/Library/Frameworks/CoreText.framework/Versions/A/CoreText
0x0000000009340000 	/System/Library/Frameworks/ImageIO.framework/Versions/A/ImageIO
0x0000000009340000 	/usr/lib/libextension.dylib
0x0000000009340000 	/System/Library/PrivateFrameworks/Backup.framework/Versions/A/Backup
0x0000000009340000 	/usr/lib/libarchive.2.dylib
0x0000000009340000 	/System/Library/Frameworks/CFNetwork.framework/Versions/A/CFNetwork
0x0000000009340000 	/System/Library/Frameworks/SystemConfiguration.framework/Versions/A/SystemConfiguration
0x0000000009340000 	/usr/lib/libCRFSuite.dylib
0x0000000009340000 	/usr/lib/libc++.1.dylib
0x0000000009340000 	/usr/lib/libc++abi.dylib
0x0000000009340000 	/usr/lib/system/libcache.dylib
0x0000000009340000 	/usr/lib/system/libcommonCrypto.dylib
0x0000000009340000 	/usr/lib/system/libcompiler_rt.dylib
0x0000000009340000 	/usr/lib/system/libcopyfile.dylib
0x0000000009340000 	/usr/lib/system/libcorecrypto.dylib
0x0000000009340000 	/usr/lib/system/libdispatch.dylib
0x0000000009340000 	/usr/lib/system/libdyld.dylib
0x0000000009340000 	/usr/lib/system/libkeymgr.dylib
0x0000000009340000 	/usr/lib/system/liblaunch.dylib
0x0000000009340000 	/usr/lib/system/libmacho.dylib
0x0000000009340000 	/usr/lib/system/libquarantine.dylib
0x0000000009340000 	/usr/lib/system/libremovefile.dylib
0x0000000009340000 	/usr/lib/system/libsystem_asl.dylib
0x0000000009340000 	/usr/lib/system/libsystem_blocks.dylib
0x0000000009340000 	/usr/lib/system/libsystem_c.dylib
0x0000000009340000 	/usr/lib/system/libsystem_configuration.dylib
0x0000000009340000 	/usr/lib/system/libsystem_coreservices.dylib
0x0000000009340000 	/usr/lib/system/libsystem_coretls.dylib
0x0000000009340000 	/usr/lib/system/libsystem_dnssd.dylib
0x0000000009340000 	/usr/lib/system/libsystem_info.dylib
0x0000000009340000 	/usr/lib/system/libsystem_kernel.dylib
0x0000000009340000 	/usr/lib/system/libsystem_m.dylib
0x0000000009340000 	/usr/lib/system/libsystem_malloc.dylib
0x0000000009340000 	/usr/lib/system/libsystem_network.dylib
0x0000000009340000 	/usr/lib/system/libsystem_networkextension.dylib
0x0000000009340000 	/usr/lib/system/libsystem_notify.dylib
0x0000000009340000 	/usr/lib/system/libsystem_platform.dylib
0x0000000009340000 	/usr/lib/system/libsystem_pthread.dylib
0x0000000009340000 	/usr/lib/system/libsystem_sandbox.dylib
0x0000000009340000 	/usr/lib/system/libsystem_secinit.dylib
0x0000000009340000 	/usr/lib/system/libsystem_stats.dylib
0x0000000009340000 	/usr/lib/system/libsystem_trace.dylib
0x0000000009340000 	/usr/lib/system/libunc.dylib
0x0000000009340000 	/usr/lib/system/libunwind.dylib
0x0000000009340000 	/usr/lib/system/libxpc.dylib
0x0000000009340000 	/usr/lib/libbz2.1.0.dylib
0x0000000009340000 	/usr/lib/liblzma.5.dylib
0x0000000009340000 	/usr/lib/libbsm.0.dylib
0x0000000009340000 	/usr/lib/libsqlite3.dylib
0x0000000009340000 	/usr/lib/system/libkxld.dylib
0x0000000009340000 	/usr/lib/libxar.1.dylib
0x0000000009340000 	/usr/lib/libpam.2.dylib
0x0000000009340000 	/usr/lib/libOpenScriptingUtil.dylib
0x0000000009340000 	/System/Library/Frameworks/CoreServices.framework/Versions/A/Frameworks/FSEvents.framework/Versions/A/FSEvents
0x0000000009340000 	/System/Library/Frameworks/CoreServices.framework/Versions/A/Frameworks/CarbonCore.framework/Versions/A/CarbonCore
0x0000000009340000 	/System/Library/Frameworks/CoreServices.framework/Versions/A/Frameworks/Metadata.framework/Versions/A/Metadata
0x0000000009340000 	/System/Library/Frameworks/CoreServices.framework/Versions/A/Frameworks/OSServices.framework/Versions/A/OSServices
0x0000000009340000 	/System/Library/Frameworks/CoreServices.framework/Versions/A/Frameworks/SearchKit.framework/Versions/A/SearchKit
0x0000000009340000 	/System/Library/Frameworks/CoreServices.framework/Versions/A/Frameworks/AE.framework/Versions/A/AE
0x0000000009340000 	/System/Library/Frameworks/CoreServices.framework/Versions/A/Frameworks/LaunchServices.framework/Versions/A/LaunchServices
0x0000000009340000 	/System/Library/Frameworks/CoreServices.framework/Versions/A/Frameworks/DictionaryServices.framework/Versions/A/DictionaryServices
0x0000000009340000 	/System/Library/Frameworks/NetFS.framework/Versions/A/NetFS
0x0000000009340000 	/System/Library/PrivateFrameworks/NetAuth.framework/Versions/A/NetAuth
0x0000000009340000 	/System/Library/PrivateFrameworks/login.framework/Versions/A/Frameworks/loginsupport.framework/Versions/A/loginsupport
0x0000000009340000 	/System/Library/PrivateFrameworks/TCC.framework/Versions/A/TCC
0x0000000009340000 	/usr/lib/libmecabra.dylib
0x0000000009340000 	/System/Library/Frameworks/ApplicationServices.framework/Versions/A/Frameworks/ATS.framework/Versions/A/ATS
0x0000000009340000 	/System/Library/Frameworks/ApplicationServices.framework/Versions/A/Frameworks/ColorSync.framework/Versions/A/ColorSync
0x0000000009340000 	/System/Library/Frameworks/ApplicationServices.framework/Versions/A/Frameworks/HIServices.framework/Versions/A/HIServices
0x0000000009340000 	/System/Library/Frameworks/ApplicationServices.framework/Versions/A/Frameworks/LangAnalysis.framework/Versions/A/LangAnalysis
0x0000000009340000 	/System/Library/Frameworks/ApplicationServices.framework/Versions/A/Frameworks/PrintCore.framework/Versions/A/PrintCore
0x0000000009340000 	/System/Library/Frameworks/ApplicationServices.framework/Versions/A/Frameworks/QD.framework/Versions/A/QD
0x0000000009340000 	/System/Library/Frameworks/ApplicationServices.framework/Versions/A/Frameworks/SpeechSynthesis.framework/Versions/A/SpeechSynthesis
0x0000000009340000 	/System/Library/Frameworks/Accelerate.framework/Versions/A/Accelerate
0x0000000009340000 	/System/Library/Frameworks/Accelerate.framework/Versions/A/Frameworks/vImage.framework/Versions/A/vImage
0x0000000009340000 	/System/Library/Frameworks/Accelerate.framework/Versions/A/Frameworks/vecLib.framework/Versions/A/vecLib
0x0000000009340000 	/System/Library/Frameworks/Accelerate.framework/Versions/A/Frameworks/vecLib.framework/Versions/A/libvDSP.dylib
0x0000000009340000 	/System/Library/Frameworks/Accelerate.framework/Versions/A/Frameworks/vecLib.framework/Versions/A/libvMisc.dylib
0x0000000009340000 	/System/Library/Frameworks/Accelerate.framework/Versions/A/Frameworks/vecLib.framework/Versions/A/libLAPACK.dylib
0x0000000009340000 	/System/Library/Frameworks/Accelerate.framework/Versions/A/Frameworks/vecLib.framework/Versions/A/libBLAS.dylib
0x0000000009340000 	/System/Library/Frameworks/Accelerate.framework/Versions/A/Frameworks/vecLib.framework/Versions/A/libLinearAlgebra.dylib
0x0000000009340000 	/System/Library/Frameworks/ApplicationServices.framework/Versions/A/Frameworks/ATS.framework/Versions/A/Resources/libFontParser.dylib
0x0000000009340000 	/System/Library/Frameworks/ApplicationServices.framework/Versions/A/Frameworks/ATS.framework/Versions/A/Resources/libFontRegistry.dylib
0x0000000009340000 	/System/Library/PrivateFrameworks/AppleVPA.framework/Versions/A/AppleVPA
0x0000000009340000 	/System/Library/PrivateFrameworks/AppleJPEG.framework/Versions/A/AppleJPEG
0x0000000009340000 	/System/Library/Frameworks/ImageIO.framework/Versions/A/Resources/libJPEG.dylib
0x0000000009340000 	/System/Library/Frameworks/ImageIO.framework/Versions/A/Resources/libTIFF.dylib
0x0000000009340000 	/System/Library/Frameworks/ImageIO.framework/Versions/A/Resources/libPng.dylib
0x0000000009340000 	/System/Library/Frameworks/ImageIO.framework/Versions/A/Resources/libGIF.dylib
0x0000000009340000 	/System/Library/Frameworks/ImageIO.framework/Versions/A/Resources/libJP2.dylib
0x0000000009340000 	/System/Library/Frameworks/ImageIO.framework/Versions/A/Resources/libRadiance.dylib
0x0000000009340000 	/System/Library/Frameworks/CoreVideo.framework/Versions/A/CoreVideo
0x0000000009340000 	/System/Library/Frameworks/OpenGL.framework/Versions/A/Libraries/libGLU.dylib
0x0000000009340000 	/System/Library/Frameworks/OpenGL.framework/Versions/A/Libraries/libGFXShared.dylib
0x0000000009340000 	/System/Library/Frameworks/OpenGL.framework/Versions/A/Libraries/libGL.dylib
0x0000000009340000 	/System/Library/Frameworks/OpenGL.framework/Versions/A/Libraries/libGLImage.dylib
0x0000000009340000 	/System/Library/Frameworks/OpenGL.framework/Versions/A/Libraries/libCVMSPluginSupport.dylib
0x0000000009340000 	/System/Library/Frameworks/OpenGL.framework/Versions/A/Libraries/libCoreVMClient.dylib
0x0000000009340000 	/usr/lib/libcups.2.dylib
0x0000000009340000 	/System/Library/Frameworks/Kerberos.framework/Versions/A/Kerberos
0x0000000009340000 	/System/Library/Frameworks/GSS.framework/Versions/A/GSS
0x0000000009340000 	/usr/lib/libresolv.9.dylib
0x0000000009340000 	/usr/lib/libiconv.2.dylib
0x0000000009340000 	/System/Library/PrivateFrameworks/Heimdal.framework/Versions/A/Heimdal
0x0000000009340000 	/usr/lib/libheimdal-asn1.dylib
0x0000000009340000 	/System/Library/Frameworks/OpenDirectory.framework/Versions/A/OpenDirectory
0x0000000009340000 	/System/Library/PrivateFrameworks/CommonAuth.framework/Versions/A/CommonAuth
0x0000000009340000 	/System/Library/Frameworks/OpenDirectory.framework/Versions/A/Frameworks/CFOpenDirectory.framework/Versions/A/CFOpenDirectory
0x0000000009340000 	/System/Library/Frameworks/SecurityFoundation.framework/Versions/A/SecurityFoundation
0x0000000009340000 	/System/Library/PrivateFrameworks/LanguageModeling.framework/Versions/A/LanguageModeling
0x0000000009340000 	/usr/lib/libcmph.dylib
0x0000000009340000 	/System/Library/Frameworks/ServiceManagement.framework/Versions/A/ServiceManagement
0x0000000009340000 	/usr/lib/libxslt.1.dylib
0x0000000009340000 	/System/Library/Frameworks/Carbon.framework/Versions/A/Frameworks/Ink.framework/Versions/A/Ink
0x0000000009340000 	/System/Library/Frameworks/QuartzCore.framework/Versions/A/Frameworks/CoreImage.framework/Versions/A/CoreImage
0x0000000009340000 	/System/Library/PrivateFrameworks/CrashReporterSupport.framework/Versions/A/CrashReporterSupport
0x0000000009340000 	/System/Library/Frameworks/OpenCL.framework/Versions/A/OpenCL
0x0000000009340000 	/System/Library/PrivateFrameworks/FaceCore.framework/Versions/A/FaceCore
0x0000000009340000 	/System/Library/PrivateFrameworks/Ubiquity.framework/Versions/A/Ubiquity
0x0000000009340000 	/System/Library/PrivateFrameworks/IconServices.framework/Versions/A/IconServices
0x0000000009340000 	/System/Library/PrivateFrameworks/ChunkingLibrary.framework/Versions/A/ChunkingLibrary
0x0000000009340000 	/System/Library/PrivateFrameworks/Apple80211.framework/Versions/A/Apple80211
0x0000000009340000 	/System/Library/Frameworks/CoreWLAN.framework/Versions/A/CoreWLAN
0x0000000009340000 	/System/Library/Frameworks/IOBluetooth.framework/Versions/A/IOBluetooth
0x0000000009340000 	/System/Library/PrivateFrameworks/CoreWiFi.framework/Versions/A/CoreWiFi
0x0000000009340000 	/System/Library/Frameworks/CoreBluetooth.framework/Versions/A/CoreBluetooth
0x0000000009340000 	/System/Library/PrivateFrameworks/DebugSymbols.framework/Versions/A/DebugSymbols
0x0000000009340000 	/System/Library/PrivateFrameworks/CoreSymbolication.framework/Versions/A/CoreSymbolication
0x0000000009340000 	/System/Library/PrivateFrameworks/Symbolication.framework/Versions/A/Symbolication
0x0000000009340000 	/System/Library/PrivateFrameworks/SpeechRecognitionCore.framework/Versions/A/SpeechRecognitionCore
0x000000010401a000 	/Library/Java/JavaVirtualMachines/jdk1.7.0_67.jdk/Contents/Home/jre/lib/server/libjvm.dylib
0x0000000009340000 	/usr/lib/libstdc++.6.dylib
0x0000000104b93000 	/Library/Java/JavaVirtualMachines/jdk1.7.0_67.jdk/Contents/Home/jre/lib/libverify.dylib
0x0000000104ba0000 	/Library/Java/JavaVirtualMachines/jdk1.7.0_67.jdk/Contents/Home/jre/lib/libjava.dylib
0x0000000104bda000 	/Library/Java/JavaVirtualMachines/jdk1.7.0_67.jdk/Contents/Home/jre/lib/libzip.dylib
0x0000000104be4000 	/System/Library/Frameworks/JavaVM.framework/Frameworks/JavaRuntimeSupport.framework/JavaRuntimeSupport
0x0000000114fcc000 	/System/Library/Frameworks/JavaVM.framework/Versions/A/Frameworks/JavaNativeFoundation.framework/Versions/A/JavaNativeFoundation
0x0000000114fe1000 	/System/Library/Frameworks/JavaVM.framework/Versions/A/JavaVM
0x0000000009340000 	/System/Library/Frameworks/Carbon.framework/Versions/A/Carbon
0x0000000114fee000 	/System/Library/PrivateFrameworks/JavaLaunching.framework/Versions/A/JavaLaunching
0x0000000009340000 	/System/Library/Frameworks/Carbon.framework/Versions/A/Frameworks/CommonPanels.framework/Versions/A/CommonPanels
0x0000000009340000 	/System/Library/Frameworks/Carbon.framework/Versions/A/Frameworks/Help.framework/Versions/A/Help
0x0000000009340000 	/System/Library/Frameworks/Carbon.framework/Versions/A/Frameworks/ImageCapture.framework/Versions/A/ImageCapture
0x0000000009340000 	/System/Library/Frameworks/Carbon.framework/Versions/A/Frameworks/OpenScripting.framework/Versions/A/OpenScripting
0x0000000009340000 	/System/Library/Frameworks/Carbon.framework/Versions/A/Frameworks/Print.framework/Versions/A/Print
0x0000000009340000 	/System/Library/Frameworks/Carbon.framework/Versions/A/Frameworks/SecurityHI.framework/Versions/A/SecurityHI
0x0000000116e24000 	/Applications/IntelliJ IDEA 15.app/Contents/bin/libbreakgen64.jnilib
0x0000000116f2a000 	/Library/Java/JavaVirtualMachines/jdk1.7.0_67.jdk/Contents/Home/jre/lib/libnet.dylib
0x0000000117004000 	/Library/Java/JavaVirtualMachines/jdk1.7.0_67.jdk/Contents/Home/jre/lib/libnio.dylib

VM Arguments:
jvm_args: -Dmaven.home=/Applications/IntelliJ IDEA 15.app/Contents/plugins/maven/lib/maven3 -Dclassworlds.conf=/Applications/IntelliJ IDEA 15.app/Contents/plugins/maven/lib/maven3/bin/m2.conf -Didea.launcher.port=7535 -Didea.launcher.bin.path=/Applications/IntelliJ IDEA 15.app/Contents/bin -Dfile.encoding=UTF-8 
java_command: com.intellij.rt.execution.application.AppMain org.codehaus.classworlds.Launcher -Didea.version=15.0.6 install
Launcher Type: SUN_STANDARD

Environment Variables:
PATH=/Users/feihu/anaconda/bin:/Users/feihu/Documents/apach-maven/apache-maven-3.2.3/bin:/Users/feihu/Documents/apache-ant-1.9.4/bin:/Users/feihu/Documents/libtool/2.4.2/bin:/Users/feihu/Documents/automake/1.14/bin:/Applications/Qt/5.1.1/clang_64/bin:/usr/local/bin:/usr/bin:/bin:/usr/sbin:/sbin:/opt/X11/bin
SHELL=/bin/bash
DISPLAY=/private/tmp/com.apple.launchd.CgqZVzspDY/org.macosforge.xquartz:0

Signal Handlers:
SIGSEGV: [libjvm.dylib+0x52b6c9], sa_mask[0]=0xfffefeff, sa_flags=0x00000043
SIGBUS: [libjvm.dylib+0x52b6c9], sa_mask[0]=0xfffefeff, sa_flags=0x00000042
SIGFPE: [libjvm.dylib+0x41deaa], sa_mask[0]=0xfffefeff, sa_flags=0x00000042
SIGPIPE: [libjvm.dylib+0x41deaa], sa_mask[0]=0xfffefeff, sa_flags=0x00000042
SIGXFSZ: [libjvm.dylib+0x41deaa], sa_mask[0]=0xfffefeff, sa_flags=0x00000042
SIGILL: [libjvm.dylib+0x41deaa], sa_mask[0]=0xfffefeff, sa_flags=0x00000042
SIGUSR1: SIG_DFL, sa_mask[0]=0x00000000, sa_flags=0x00000000
SIGUSR2: [libjvm.dylib+0x41d99c], sa_mask[0]=0x00000004, sa_flags=0x00000042
SIGHUP: [libjvm.dylib+0x41bc2d], sa_mask[0]=0xfffefeff, sa_flags=0x00000042
SIGINT: [libjvm.dylib+0x41bc2d], sa_mask[0]=0xfffefeff, sa_flags=0x00000042
SIGTERM: [libjvm.dylib+0x41bc2d], sa_mask[0]=0xfffefeff, sa_flags=0x00000042
SIGQUIT: [libjvm.dylib+0x41bc2d], sa_mask[0]=0xfffefeff, sa_flags=0x00000042


---------------  S Y S T E M  ---------------

OS:Bsduname:Darwin 14.5.0 Darwin Kernel Version 14.5.0: Thu Apr 21 20:40:54 PDT 2016; root:xnu-2782.50.3~1/RELEASE_X86_64 x86_64
rlimit: STACK 8192k, CORE 0k, NPROC 709, NOFILE 10240, AS infinity
load average:4.94 4.40 3.75

CPU:total 8 (4 cores per cpu, 2 threads per core) family 6 model 70 stepping 1, cmov, cx8, fxsr, mmx, sse, sse2, sse3, ssse3, sse4.1, sse4.2, popcnt, avx, avx2, aes, erms, ht, tsc, tscinvbit

Memory: 4k page, physical 16777216k(4194304k free)

/proc/meminfo:


vm_info: Java HotSpot(TM) 64-Bit Server VM (24.65-b04) for bsd-amd64 JRE (1.7.0_67-b01), built on Jul 25 2014 08:51:51 by "java_re" with gcc 4.2.1 (Based on Apple Inc. build 5658) (LLVM build 2336.11.00)

time: Sun Jul 10 23:15:37 2016
elapsed time: 10 seconds

